0 info it worked if it ends with ok
1 verbose cli [ 'C:\\Program Files\\nodejs\\\\node.exe',
1 verbose cli   'C:\\Program Files\\nodejs\\node_modules\\npm\\bin\\npm-cli.js',
1 verbose cli   'shrinkwrap' ]
2 info using npm@1.1.65
3 info using node@v0.8.14
4 verbose node symlink C:\Program Files\nodejs\\node.exe
5 verbose read json C:\Users\vinga\node_projects\nodejs-money-manager\package.json
6 verbose read json C:\Users\vinga\node_projects\nodejs-money-manager\node_modules\async\package.json
7 verbose read json C:\Users\vinga\node_projects\nodejs-money-manager\node_modules\connect-mongodb\package.json
8 verbose read json C:\Users\vinga\node_projects\nodejs-money-manager\node_modules\express\package.json
9 verbose read json C:\Users\vinga\node_projects\nodejs-money-manager\node_modules\express-namespace\package.json
10 verbose read json C:\Users\vinga\node_projects\nodejs-money-manager\node_modules\gzippo\package.json
11 verbose read json C:\Users\vinga\node_projects\nodejs-money-manager\node_modules\jade\package.json
12 verbose read json C:\Users\vinga\node_projects\nodejs-money-manager\node_modules\lingua\package.json
13 verbose read json C:\Users\vinga\node_projects\nodejs-money-manager\node_modules\moment\package.json
14 verbose read json C:\Users\vinga\node_projects\nodejs-money-manager\node_modules\mongo-express\package.json
15 verbose read json C:\Users\vinga\node_projects\nodejs-money-manager\node_modules\mongoose\package.json
16 verbose read json C:\Users\vinga\node_projects\nodejs-money-manager\node_modules\nodemon\package.json
17 verbose read json C:\Users\vinga\node_projects\nodejs-money-manager\node_modules\passport\package.json
18 verbose read json C:\Users\vinga\node_projects\nodejs-money-manager\node_modules\passport-facebook\package.json
19 verbose read json C:\Users\vinga\node_projects\nodejs-money-manager\node_modules\passport-github\package.json
20 verbose read json C:\Users\vinga\node_projects\nodejs-money-manager\node_modules\passport-google-oauth\package.json
21 verbose read json C:\Users\vinga\node_projects\nodejs-money-manager\node_modules\passport-local\package.json
22 verbose read json C:\Users\vinga\node_projects\nodejs-money-manager\node_modules\passport-twitter\package.json
23 verbose read json C:\Users\vinga\node_projects\nodejs-money-manager\node_modules\underscore\package.json
24 warn package.json passport@0.1.15 No README.md file found!
25 warn package.json passport-facebook@0.1.4 No README.md file found!
26 warn package.json passport-github@0.1.3 No README.md file found!
27 warn package.json passport-local@0.1.6 No README.md file found!
28 warn package.json passport-twitter@0.1.4 No README.md file found!
29 verbose read json C:\Users\vinga\node_projects\nodejs-money-manager\node_modules\express\node_modules\buffer-crc32\package.json
30 verbose read json C:\Users\vinga\node_projects\nodejs-money-manager\node_modules\express\node_modules\commander\package.json
31 verbose read json C:\Users\vinga\node_projects\nodejs-money-manager\node_modules\express\node_modules\connect\package.json
32 verbose read json C:\Users\vinga\node_projects\nodejs-money-manager\node_modules\express\node_modules\cookie\package.json
33 verbose read json C:\Users\vinga\node_projects\nodejs-money-manager\node_modules\express\node_modules\cookie-signature\package.json
34 verbose read json C:\Users\vinga\node_projects\nodejs-money-manager\node_modules\express\node_modules\debug\package.json
35 verbose read json C:\Users\vinga\node_projects\nodejs-money-manager\node_modules\express\node_modules\fresh\package.json
36 verbose read json C:\Users\vinga\node_projects\nodejs-money-manager\node_modules\express\node_modules\methods\package.json
37 verbose read json C:\Users\vinga\node_projects\nodejs-money-manager\node_modules\express\node_modules\mkdirp\package.json
38 verbose read json C:\Users\vinga\node_projects\nodejs-money-manager\node_modules\express\node_modules\range-parser\package.json
39 verbose read json C:\Users\vinga\node_projects\nodejs-money-manager\node_modules\express\node_modules\send\package.json
40 verbose read json C:\Users\vinga\node_projects\nodejs-money-manager\node_modules\jade\node_modules\coffee-script\package.json
41 verbose read json C:\Users\vinga\node_projects\nodejs-money-manager\node_modules\jade\node_modules\commander\package.json
42 verbose read json C:\Users\vinga\node_projects\nodejs-money-manager\node_modules\jade\node_modules\mkdirp\package.json
43 verbose read json C:\Users\vinga\node_projects\nodejs-money-manager\node_modules\passport\node_modules\pkginfo\package.json
44 verbose read json C:\Users\vinga\node_projects\nodejs-money-manager\node_modules\passport-facebook\node_modules\passport-oauth\package.json
45 verbose read json C:\Users\vinga\node_projects\nodejs-money-manager\node_modules\passport-facebook\node_modules\pkginfo\package.json
46 verbose read json C:\Users\vinga\node_projects\nodejs-money-manager\node_modules\mongoose\node_modules\hooks\package.json
47 verbose read json C:\Users\vinga\node_projects\nodejs-money-manager\node_modules\mongoose\node_modules\mongodb\package.json
48 verbose read json C:\Users\vinga\node_projects\nodejs-money-manager\node_modules\mongoose\node_modules\ms\package.json
49 verbose read json C:\Users\vinga\node_projects\nodejs-money-manager\node_modules\mongoose\node_modules\muri\package.json
50 verbose read json C:\Users\vinga\node_projects\nodejs-money-manager\node_modules\mongoose\node_modules\sliced\package.json
51 verbose read json C:\Users\vinga\node_projects\nodejs-money-manager\node_modules\passport-google-oauth\node_modules\passport-oauth\package.json
52 verbose read json C:\Users\vinga\node_projects\nodejs-money-manager\node_modules\passport-google-oauth\node_modules\pkginfo\package.json
53 verbose read json C:\Users\vinga\node_projects\nodejs-money-manager\node_modules\passport-github\node_modules\passport-oauth\package.json
54 verbose read json C:\Users\vinga\node_projects\nodejs-money-manager\node_modules\passport-github\node_modules\pkginfo\package.json
55 verbose read json C:\Users\vinga\node_projects\nodejs-money-manager\node_modules\passport-local\node_modules\pkginfo\package.json
56 verbose read json C:\Users\vinga\node_projects\nodejs-money-manager\node_modules\passport-twitter\node_modules\passport-oauth\package.json
57 verbose read json C:\Users\vinga\node_projects\nodejs-money-manager\node_modules\passport-twitter\node_modules\pkginfo\package.json
58 verbose read json C:\Users\vinga\node_projects\nodejs-money-manager\node_modules\connect-mongodb\node_modules\connect\package.json
59 verbose read json C:\Users\vinga\node_projects\nodejs-money-manager\node_modules\connect-mongodb\node_modules\mongodb\package.json
60 verbose read json C:\Users\vinga\node_projects\nodejs-money-manager\node_modules\express-namespace\node_modules\methods\package.json
61 warn package.json connect@1.9.2 No README.md file found!
62 verbose read json C:\Users\vinga\node_projects\nodejs-money-manager\node_modules\gzippo\node_modules\send\package.json
63 verbose read json C:\Users\vinga\node_projects\nodejs-money-manager\node_modules\express\node_modules\connect\node_modules\bytes\package.json
64 verbose read json C:\Users\vinga\node_projects\nodejs-money-manager\node_modules\express\node_modules\connect\node_modules\formidable\package.json
65 verbose read json C:\Users\vinga\node_projects\nodejs-money-manager\node_modules\express\node_modules\connect\node_modules\pause\package.json
66 verbose read json C:\Users\vinga\node_projects\nodejs-money-manager\node_modules\express\node_modules\connect\node_modules\qs\package.json
67 verbose read json C:\Users\vinga\node_projects\nodejs-money-manager\node_modules\express\node_modules\send\node_modules\mime\package.json
68 verbose read json C:\Users\vinga\node_projects\nodejs-money-manager\node_modules\mongoose\node_modules\mongodb\node_modules\bson\package.json
69 verbose read json C:\Users\vinga\node_projects\nodejs-money-manager\node_modules\passport-google-oauth\node_modules\passport-oauth\node_modules\oauth\package.json
70 verbose read json C:\Users\vinga\node_projects\nodejs-money-manager\node_modules\passport-facebook\node_modules\passport-oauth\node_modules\oauth\package.json
71 verbose read json C:\Users\vinga\node_projects\nodejs-money-manager\node_modules\passport-facebook\node_modules\passport-oauth\node_modules\passport\package.json
72 verbose read json C:\Users\vinga\node_projects\nodejs-money-manager\node_modules\passport-github\node_modules\passport-oauth\node_modules\oauth\package.json
73 verbose read json C:\Users\vinga\node_projects\nodejs-money-manager\node_modules\passport-github\node_modules\passport-oauth\node_modules\passport\package.json
74 verbose read json C:\Users\vinga\node_projects\nodejs-money-manager\node_modules\passport-twitter\node_modules\passport-oauth\node_modules\oauth\package.json
75 verbose read json C:\Users\vinga\node_projects\nodejs-money-manager\node_modules\passport-twitter\node_modules\passport-oauth\node_modules\passport\package.json
76 verbose read json C:\Users\vinga\node_projects\nodejs-money-manager\node_modules\connect-mongodb\node_modules\mongodb\node_modules\bson\package.json
77 verbose read json C:\Users\vinga\node_projects\nodejs-money-manager\node_modules\connect-mongodb\node_modules\connect\node_modules\formidable\package.json
78 verbose read json C:\Users\vinga\node_projects\nodejs-money-manager\node_modules\connect-mongodb\node_modules\connect\node_modules\mime\package.json
79 verbose read json C:\Users\vinga\node_projects\nodejs-money-manager\node_modules\connect-mongodb\node_modules\connect\node_modules\qs\package.json
80 verbose read json C:\Users\vinga\node_projects\nodejs-money-manager\node_modules\lingua\node_modules\cookies\package.json
81 verbose read json C:\Users\vinga\node_projects\nodejs-money-manager\node_modules\lingua\node_modules\traverse\package.json
82 verbose read json C:\Users\vinga\node_projects\nodejs-money-manager\node_modules\mongo-express\node_modules\consolidate\package.json
83 verbose read json C:\Users\vinga\node_projects\nodejs-money-manager\node_modules\mongo-express\node_modules\express\package.json
84 verbose read json C:\Users\vinga\node_projects\nodejs-money-manager\node_modules\mongo-express\node_modules\mongodb\package.json
85 verbose read json C:\Users\vinga\node_projects\nodejs-money-manager\node_modules\mongo-express\node_modules\swig\package.json
86 verbose read json C:\Users\vinga\node_projects\nodejs-money-manager\node_modules\mongo-express\node_modules\underscore\package.json
87 verbose read json C:\Users\vinga\node_projects\nodejs-money-manager\node_modules\gzippo\node_modules\send\node_modules\debug\package.json
88 verbose read json C:\Users\vinga\node_projects\nodejs-money-manager\node_modules\gzippo\node_modules\send\node_modules\fresh\package.json
89 verbose read json C:\Users\vinga\node_projects\nodejs-money-manager\node_modules\gzippo\node_modules\send\node_modules\mime\package.json
90 verbose read json C:\Users\vinga\node_projects\nodejs-money-manager\node_modules\gzippo\node_modules\send\node_modules\range-parser\package.json
91 warn package.json mongodb@0.9.9-8 No README.md file found!
92 verbose read json C:\Users\vinga\node_projects\nodejs-money-manager\node_modules\mongo-express\node_modules\mongodb\node_modules\bson\package.json
93 verbose read json C:\Users\vinga\node_projects\nodejs-money-manager\node_modules\mongo-express\node_modules\express\node_modules\commander\package.json
94 verbose read json C:\Users\vinga\node_projects\nodejs-money-manager\node_modules\mongo-express\node_modules\express\node_modules\connect\package.json
95 verbose read json C:\Users\vinga\node_projects\nodejs-money-manager\node_modules\mongo-express\node_modules\express\node_modules\cookie\package.json
96 verbose read json C:\Users\vinga\node_projects\nodejs-money-manager\node_modules\mongo-express\node_modules\express\node_modules\crc\package.json
97 verbose read json C:\Users\vinga\node_projects\nodejs-money-manager\node_modules\mongo-express\node_modules\express\node_modules\debug\package.json
98 verbose read json C:\Users\vinga\node_projects\nodejs-money-manager\node_modules\mongo-express\node_modules\express\node_modules\fresh\package.json
99 verbose read json C:\Users\vinga\node_projects\nodejs-money-manager\node_modules\mongo-express\node_modules\express\node_modules\methods\package.json
100 verbose read json C:\Users\vinga\node_projects\nodejs-money-manager\node_modules\mongo-express\node_modules\express\node_modules\mkdirp\package.json
101 verbose read json C:\Users\vinga\node_projects\nodejs-money-manager\node_modules\mongo-express\node_modules\express\node_modules\range-parser\package.json
102 verbose read json C:\Users\vinga\node_projects\nodejs-money-manager\node_modules\mongo-express\node_modules\express\node_modules\send\package.json
103 warn package.json bson@0.0.4 No README.md file found!
104 warn package.json connect@2.6.0 No README.md file found!
105 verbose read json C:\Users\vinga\node_projects\nodejs-money-manager\node_modules\mongo-express\node_modules\express\node_modules\connect\node_modules\bytes\package.json
106 verbose read json C:\Users\vinga\node_projects\nodejs-money-manager\node_modules\mongo-express\node_modules\express\node_modules\connect\node_modules\formidable\package.json
107 verbose read json C:\Users\vinga\node_projects\nodejs-money-manager\node_modules\mongo-express\node_modules\express\node_modules\connect\node_modules\pause\package.json
108 verbose read json C:\Users\vinga\node_projects\nodejs-money-manager\node_modules\mongo-express\node_modules\express\node_modules\connect\node_modules\qs\package.json
109 verbose read json C:\Users\vinga\node_projects\nodejs-money-manager\node_modules\mongo-express\node_modules\express\node_modules\connect\node_modules\send\package.json
110 verbose read json C:\Users\vinga\node_projects\nodejs-money-manager\node_modules\mongo-express\node_modules\express\node_modules\send\node_modules\mime\package.json
111 verbose read json C:\Users\vinga\node_projects\nodejs-money-manager\node_modules\mongo-express\node_modules\express\node_modules\connect\node_modules\send\node_modules\mime\package.json
112 verbose readInstalled returning express@3.1.0
113 verbose readInstalled returning express-namespace@0.1.1
114 verbose readInstalled returning jade@0.28.1
115 verbose readInstalled returning mongoose@3.5.5
116 verbose readInstalled returning connect-mongodb@1.1.5
117 verbose readInstalled returning passport@0.1.15
118 verbose readInstalled returning passport-local@0.1.6
119 verbose readInstalled returning passport-facebook@0.1.4
120 verbose readInstalled returning passport-twitter@0.1.4
121 verbose readInstalled returning passport-github@0.1.3
122 verbose readInstalled returning passport-google-oauth@0.1.5
123 verbose readInstalled returning underscore@1.4.4
124 verbose readInstalled returning gzippo@0.2.0
125 verbose readInstalled returning async@0.2.4
126 verbose readInstalled returning nodemon@0.7.2
127 verbose readInstalled returning moment@2.0.0
128 verbose readInstalled returning lingua@0.3.3
129 warn unmet dependency C:\Users\vinga\node_projects\nodejs-money-manager\node_modules\mongo-express requires async@'0.1.x' but will load
129 warn unmet dependency C:\Users\vinga\node_projects\nodejs-money-manager\node_modules\async,
129 warn unmet dependency which is version 0.2.4
130 verbose readInstalled returning mongo-express@0.18.0
131 verbose readInstalled returning connect@2.7.2
132 verbose readInstalled returning commander@0.6.1
133 verbose readInstalled returning range-parser@0.0.4
134 verbose readInstalled returning mkdirp@0.3.3
135 verbose readInstalled returning cookie@0.0.5
136 verbose readInstalled returning buffer-crc32@0.1.1
137 verbose readInstalled returning fresh@0.1.0
138 verbose readInstalled returning methods@0.0.1
139 verbose readInstalled returning send@0.1.0
140 verbose readInstalled returning cookie-signature@0.0.1
141 verbose readInstalled returning debug@0.7.2
142 verbose readInstalled returning qs@0.5.1
143 verbose readInstalled returning formidable@1.0.11
144 verbose readInstalled returning bytes@0.1.0
145 verbose readInstalled returning pause@0.0.1
146 verbose readInstalled returning mime@1.2.6
147 verbose readInstalled returning methods@0.0.1
148 verbose readInstalled returning commander@0.6.1
149 verbose readInstalled returning mkdirp@0.3.4
150 verbose readInstalled returning coffee-script@1.4.0
151 verbose readInstalled returning hooks@0.2.1
152 verbose readInstalled returning mongodb@1.2.11
153 verbose readInstalled returning ms@0.1.0
154 verbose readInstalled returning sliced@0.0.3
155 verbose readInstalled returning muri@0.1.0
156 verbose readInstalled returning bson@0.1.6
157 verbose readInstalled returning mongodb@1.2.11
158 verbose readInstalled returning connect@1.9.2
159 verbose readInstalled returning bson@0.1.6
160 verbose readInstalled returning qs@0.5.3
161 verbose readInstalled returning mime@1.2.9
162 verbose readInstalled returning formidable@1.0.11
163 verbose readInstalled returning pkginfo@0.2.3
164 verbose readInstalled returning pkginfo@0.2.3
165 verbose readInstalled returning pkginfo@0.2.3
166 verbose readInstalled returning passport-oauth@0.1.13
167 verbose readInstalled returning passport@0.1.15
168 verbose readInstalled returning oauth@0.9.8
169 verbose readInstalled returning pkginfo@0.2.3
170 verbose readInstalled returning passport-oauth@0.1.13
171 verbose readInstalled returning passport@0.1.15
172 verbose readInstalled returning oauth@0.9.8
173 verbose readInstalled returning pkginfo@0.2.3
174 verbose readInstalled returning passport-oauth@0.1.13
175 verbose readInstalled returning passport@0.1.15
176 verbose readInstalled returning oauth@0.9.8
177 verbose readInstalled returning pkginfo@0.2.3
178 verbose readInstalled returning passport-oauth@0.1.13
179 verbose readInstalled returning oauth@0.9.8
180 verbose readInstalled returning send@0.1.0
181 verbose readInstalled returning debug@0.7.2
182 verbose readInstalled returning mime@1.2.6
183 verbose readInstalled returning fresh@0.1.0
184 verbose readInstalled returning range-parser@0.0.4
185 verbose readInstalled returning cookies@0.3.6
186 verbose readInstalled returning traverse@0.6.3
187 verbose readInstalled returning express@3.0.0
188 verbose readInstalled returning mongodb@0.9.9-8
189 verbose readInstalled returning consolidate@0.7.0
190 verbose readInstalled returning swig@0.12.1
191 verbose readInstalled returning underscore@1.3.3
192 verbose readInstalled returning connect@2.6.0
193 verbose readInstalled returning commander@0.6.1
194 verbose readInstalled returning range-parser@0.0.4
195 verbose readInstalled returning mkdirp@0.3.3
196 verbose readInstalled returning cookie@0.0.4
197 verbose readInstalled returning crc@0.2.0
198 verbose readInstalled returning fresh@0.1.0
199 verbose readInstalled returning methods@0.0.1
200 verbose readInstalled returning send@0.1.0
201 verbose readInstalled returning debug@0.7.0
202 verbose readInstalled returning qs@0.5.1
203 verbose readInstalled returning formidable@1.0.11
204 verbose readInstalled returning bytes@0.1.0
205 verbose readInstalled returning send@0.0.4
206 verbose readInstalled returning pause@0.0.1
207 verbose readInstalled returning mime@1.2.6
208 verbose readInstalled returning mime@1.2.6
209 verbose readInstalled returning bson@0.0.4
210 error Error: Problems were encountered
210 error Please correct and try again.
210 error invalid: async@0.2.4 C:\Users\vinga\node_projects\nodejs-money-manager\node_modules\async
210 error extraneous: mongo-express@0.18.0 C:\Users\vinga\node_projects\nodejs-money-manager\node_modules\mongo-express
210 error     at shrinkwrap_ (C:\Program Files\nodejs\node_modules\npm\lib\shrinkwrap.js:28:15)
210 error     at C:\Program Files\nodejs\node_modules\npm\lib\shrinkwrap.js:22:5
210 error     at C:\Program Files\nodejs\node_modules\npm\lib\ls.js:40:30
210 error     at C:\Program Files\nodejs\node_modules\npm\node_modules\read-installed\read-installed.js:117:5
210 error     at C:\Program Files\nodejs\node_modules\npm\node_modules\read-installed\read-installed.js:233:14
210 error     at cb (C:\Program Files\nodejs\node_modules\npm\node_modules\slide\lib\async-map.js:48:11)
210 error     at C:\Program Files\nodejs\node_modules\npm\node_modules\read-installed\read-installed.js:233:14
210 error     at cb (C:\Program Files\nodejs\node_modules\npm\node_modules\slide\lib\async-map.js:48:11)
210 error     at C:\Program Files\nodejs\node_modules\npm\node_modules\read-installed\read-installed.js:233:14
210 error     at cb (C:\Program Files\nodejs\node_modules\npm\node_modules\slide\lib\async-map.js:48:11)
211 error If you need help, you may report this log at:
211 error     <http://github.com/isaacs/npm/issues>
211 error or email it to:
211 error     <npm-@googlegroups.com>
212 error System Windows_NT 6.1.7601
213 error command "C:\\Program Files\\nodejs\\\\node.exe" "C:\\Program Files\\nodejs\\node_modules\\npm\\bin\\npm-cli.js" "shrinkwrap"
214 error cwd C:\Users\vinga\node_projects\nodejs-money-manager
215 error node -v v0.8.14
216 error npm -v 1.1.65
217 verbose exit [ 1, true ]
